<?xml version="1.0" encoding="UTF-8"?>
<testng-results ignored="0" total="1" passed="1" failed="0" skipped="0">
  <reporter-output>
  </reporter-output>
  <suite started-at="2024-05-03T09:11:19 CEST" name="Surefire suite" finished-at="2024-05-03T09:11:20 CEST" duration-ms="906">
    <groups>
    </groups>
    <test started-at="2024-05-03T09:11:19 CEST" name="Surefire test" finished-at="2024-05-03T09:11:20 CEST" duration-ms="906">
      <class name="apiTestPlaywright.APITest">
        <test-method is-config="true" signature="setup()[pri:0, instance:apiTestPlaywright.APITest@3ffcd140]" started-at="2024-05-03T09:11:19 CEST" name="setup" finished-at="2024-05-03T09:11:20 CEST" duration-ms="860" status="PASS">
          <reporter-output>
          </reporter-output>
        </test-method> <!-- setup -->
        <test-method signature="testAPISogetiLeasingServices()[pri:0, instance:apiTestPlaywright.APITest@3ffcd140]" started-at="2024-05-03T09:11:20 CEST" name="testAPISogetiLeasingServices" finished-at="2024-05-03T09:11:20 CEST" duration-ms="27" status="PASS">
          <reporter-output>
          </reporter-output>
        </test-method> <!-- testAPISogetiLeasingServices -->
        <test-method is-config="true" signature="teardown()[pri:0, instance:apiTestPlaywright.APITest@3ffcd140]" started-at="2024-05-03T09:11:20 CEST" name="teardown" finished-at="2024-05-03T09:11:20 CEST" duration-ms="5" status="PASS">
          <reporter-output>
          </reporter-output>
        </test-method> <!-- teardown -->
      </class> <!-- apiTestPlaywright.APITest -->
    </test> <!-- Surefire test -->
  </suite> <!-- Surefire suite -->
</testng-results>
