<?xml version="1.0" encoding="UTF-8"?>
<!-- Generated by org.testng.reporters.JUnitXMLReporter -->
<testsuite ignored="0" hostname="debian" failures="1" tests="1" name="Command line test" time="0.875" errors="0" timestamp="2024-05-03T12:03:10 CEST">
  <testcase classname="apiTestPlaywright.APITest" name="testAPISogetiLeasingSolutions" time="0.008">
    <failure type="com.microsoft.playwright.PlaywrightException" message="Error {
  message=&amp;apos;connect EHOSTUNREACH 172.24.218.143:8080
  name=&amp;apos;Error
  stack=&amp;apos;Error: connect EHOSTUNREACH 172.24.218.143:8080
    at TCPConnectWrap.afterConnect [as oncomplete] (node:net:1595:16)
}
Call log:
- → GET http://172.24.218.143:8080/
-   user-agent: Playwright/1.42.1 (x64; debian 12) java/17
-   accept: */*
-   accept-encoding: gzip,deflate,br
-   Content-Type: application/json
">
      <![CDATA[com.microsoft.playwright.PlaywrightException: Error {
  message='connect EHOSTUNREACH 172.24.218.143:8080
  name='Error
  stack='Error: connect EHOSTUNREACH 172.24.218.143:8080
    at TCPConnectWrap.afterConnect [as oncomplete] (node:net:1595:16)
}
Call log:
- → GET http://172.24.218.143:8080/
-   user-agent: Playwright/1.42.1 (x64; debian 12) java/17
-   accept: */*
-   accept-encoding: gzip,deflate,br
-   Content-Type: application/json

at com.microsoft.playwright.impl.WaitableResult.get(WaitableResult.java:54)
at com.microsoft.playwright.impl.ChannelOwner.runUntil(ChannelOwner.java:120)
at com.microsoft.playwright.impl.Connection.sendMessage(Connection.java:130)
at com.microsoft.playwright.impl.ChannelOwner.sendMessage(ChannelOwner.java:106)
at com.microsoft.playwright.impl.APIRequestContextImpl.fetchImpl(APIRequestContextImpl.java:138)
at com.microsoft.playwright.impl.APIRequestContextImpl.lambda$fetch$1(APIRequestContextImpl.java:59)
at com.microsoft.playwright.impl.LoggingSupport.withLogging(LoggingSupport.java:47)
at com.microsoft.playwright.impl.ChannelOwner.withLogging(ChannelOwner.java:89)
at com.microsoft.playwright.impl.APIRequestContextImpl.fetch(APIRequestContextImpl.java:59)
at com.microsoft.playwright.impl.APIRequestContextImpl.get(APIRequestContextImpl.java:179)
at com.microsoft.playwright.APIRequestContext.get(APIRequestContext.java:249)
at apiTestPlaywright.APITest.testAPISogetiLeasingSolutions(APITest.java:40)
at java.base/java.util.ArrayList.forEach(ArrayList.java:1511)
Caused by: com.microsoft.playwright.impl.DriverException: Error {
  message='connect EHOSTUNREACH 172.24.218.143:8080
  name='Error
  stack='Error: connect EHOSTUNREACH 172.24.218.143:8080
    at TCPConnectWrap.afterConnect [as oncomplete] (node:net:1595:16)
}
Call log:
- → GET http://172.24.218.143:8080/
-   user-agent: Playwright/1.42.1 (x64; debian 12) java/17
-   accept: */*
-   accept-encoding: gzip,deflate,br
-   Content-Type: application/json

at com.microsoft.playwright.impl.Connection.dispatch(Connection.java:259)
at com.microsoft.playwright.impl.Connection.processOneMessage(Connection.java:211)
at com.microsoft.playwright.impl.ChannelOwner.runUntil(ChannelOwner.java:118)
... 47 more
... Removed 36 stack frames]]>
    </failure>
  </testcase> <!-- testAPISogetiLeasingSolutions -->
</testsuite> <!-- Command line test -->
